10187.263401000    <idle>           0      hdi_action
10187.266387000    <idle>           0      hdi_action
10187.267396000    <idle>           0      hdi_action
10187.269406000    <idle>           0      hdi_action
10187.270467000    <idle>           0      hdi_action
10187.272421000    <idle>           0      hdi_action
10187.273379000    <idle>           0      hdi_action
10187.274409000    <idle>           0      hdi_action
10187.275405000    <idle>           0      hdi_action
10187.276410000    <idle>           0      hdi_action
10187.277408000    <idle>           0      hdi_action
10187.278409000    <idle>           0      hdi_action
10187.279409000    <idle>           0      hdi_action
10187.280410000    <idle>           0      hdi_action
10187.281394000    <idle>           0      hdi_action
10187.282392000    <idle>           0      hdi_action
10187.283397000    <idle>           0      hdi_action
10187.284377000    <idle>           0      hdi_action
10187.285409000    <idle>           0      hdi_action
10187.286407000    <idle>           0      hdi_action
10187.287468000    <idle>           0      hdi_action
10187.288434000    <idle>           0      hdi_action
10187.289424000    <idle>           0      hdi_action
10187.290411000    <idle>           0      hdi_action
10187.291408000    <idle>           0      hdi_action
10187.292433000    <idle>           0      hdi_action
10187.293404000    <idle>           0      hdi_action
10187.294431000    <idle>           0      hdi_action
10187.295406000    <idle>           0      hdi_action
10187.296405000    <idle>           0      hdi_action
10187.297388000    <idle>           0      hdi_action
10187.298379000    <idle>           0      hdi_action
10187.299376000    <idle>           0      hdi_action
10187.300402000    <idle>           0      hdi_action
10187.301406000    <idle>           0      hdi_action
10187.302402000    <idle>           0      hdi_action
10187.303468000    <idle>           0      hdi_action
10187.304469000    <idle>           0      hdi_action
10187.305406000    <idle>           0      hdi_action
10187.306470000    <idle>           0      hdi_action
10187.307419000    <idle>           0      hdi_action
10187.308478000    <idle>           0      hdi_action
10187.309419000    <idle>           0      hdi_action
10187.310467000    <idle>           0      hdi_action
10187.311467000    <idle>           0      hdi_action
10187.312431000    <idle>           0      hdi_action
10187.313410000    <idle>           0      hdi_action
10187.314408000    <idle>           0      hdi_action
10187.315409000    <idle>           0      hdi_action
10187.316468000    <idle>           0      hdi_action
10187.317432000    <idle>           0      hdi_action
10187.318409000    <idle>           0      hdi_action
10187.319468000    <idle>           0      hdi_action
10187.320410000    <idle>           0      hdi_action
10187.321409000    <idle>           0      hdi_action
10187.322467000    <idle>           0      hdi_action
10187.323467000    <idle>           0      hdi_action
10187.324467000    <idle>           0      hdi_action
10187.325470000    <idle>           0      hdi_action
10187.326470000    <idle>           0      hdi_action
10187.327468000    <idle>           0      hdi_action
10187.328468000    <idle>           0      hdi_action
10187.329467000    <idle>           0      hdi_action
10187.330398000    <idle>           0      hdi_action
10187.331428000    <idle>           0      hdi_action
10187.332413000    <idle>           0      hdi_action
10187.333450000    <idle>           0      hdi_action
10187.334380000    <idle>           0      hdi_action
10187.335470000    <idle>           0      hdi_action
10187.336394000    <idle>           0      hdi_action
10187.337378000    <idle>           0      hdi_action
10187.338376000    <idle>           0      hdi_action
10187.339403000    <idle>           0      hdi_action
10187.340401000    <idle>           0      hdi_action
10187.341435000    <idle>           0      hdi_action
10187.342393000    <idle>           0      hdi_action
10187.343455000    <idle>           0      hdi_action
10187.344434000    <idle>           0      hdi_action
10187.345436000    <idle>           0      hdi_action
10187.346395000    <idle>           0      hdi_action
10187.347470000    <idle>           0      hdi_action
10187.348411000    <idle>           0      hdi_action
10187.349471000    <idle>           0      hdi_action
10187.350470000    <idle>           0      hdi_action
10187.351469000    <idle>           0      hdi_action
10187.352473000    <idle>           0      hdi_action
10187.353431000    <idle>           0      hdi_action
10187.354409000    <idle>           0      hdi_action
10187.355407000    <idle>           0      hdi_action
10187.356435000    <idle>           0      hdi_action
10187.357408000    <idle>           0      hdi_action
10187.358404000    <idle>           0      hdi_action
10187.359402000    <idle>           0      hdi_action
10187.360402000    <idle>           0      hdi_action
10187.361404000    <idle>           0      hdi_action
10187.362390000    <idle>           0      hdi_action
10187.363405000    <idle>           0      hdi_action
10187.364404000    <idle>           0      hdi_action
10187.365425000    <idle>           0      hdi_action
10187.366470000    <idle>           0      hdi_action
10187.367431000    <idle>           0      hdi_action
10187.368431000    <idle>           0      hdi_action
10187.369381000    <idle>           0      hdi_action
10187.370468000    <idle>           0      hdi_action
10187.371430000    <idle>           0      hdi_action
10187.372430000    <idle>           0      hdi_action
10187.373430000    <idle>           0      hdi_action
10187.374469000    <idle>           0      hdi_action
10187.375408000    <idle>           0      hdi_action
10187.376409000    <idle>           0      hdi_action
10187.377405000    <idle>           0      hdi_action
10187.378410000    <idle>           0      hdi_action
10187.379408000    <idle>           0      hdi_action
10187.380409000    <idle>           0      hdi_action
10187.381410000    <idle>           0      hdi_action
10187.382467000    <idle>           0      hdi_action
10187.383430000    <idle>           0      hdi_action
10187.384421000    <idle>           0      hdi_action
10187.385380000    <idle>           0      hdi_action
10187.386394000    <idle>           0      hdi_action
10187.387393000    <idle>           0      hdi_action
10187.388409000    <idle>           0      hdi_action
10187.389410000    <idle>           0      hdi_action
10187.390467000    <idle>           0      hdi_action
10187.391468000    <idle>           0      hdi_action
10187.392471000    <idle>           0      hdi_action
10187.393389000    <idle>           0      hdi_action
10187.394470000    <idle>           0      hdi_action
10187.395467000    <idle>           0      hdi_action
10187.396431000    <idle>           0      hdi_action
10187.397394000    <idle>           0      hdi_action
10187.398431000    <idle>           0      hdi_action
10187.399467000    <idle>           0      hdi_action
10187.400434000    <idle>           0      hdi_action
10187.401410000    <idle>           0      hdi_action
10187.402433000    <idle>           0      hdi_action
10187.403382000    <idle>           0      hdi_action
10187.404414000    <idle>           0      hdi_action
10187.405408000    <idle>           0      hdi_action
10187.406470000    <idle>           0      hdi_action
10187.407433000    <idle>           0      hdi_action
10187.408393000    <idle>           0      hdi_action
10187.409378000    <idle>           0      hdi_action
10187.410406000    <idle>           0      hdi_action
10187.411409000    <idle>           0      hdi_action
10187.412431000    <idle>           0      hdi_action
10187.413431000    <idle>           0      hdi_action
10187.414470000    <idle>           0      hdi_action
10187.415433000    <idle>           0      hdi_action
10187.416410000    <idle>           0      hdi_action
10187.417409000    <idle>           0      hdi_action
10187.418409000    <idle>           0      hdi_action
10187.419409000    <idle>           0      hdi_action
10187.420431000    <idle>           0      hdi_action
10187.421412000    <idle>           0      hdi_action
10187.422409000    <idle>           0      hdi_action
10187.423409000    <idle>           0      hdi_action
10187.424431000    <idle>           0      hdi_action
10187.425406000    <idle>           0      hdi_action
10187.426470000    <idle>           0      hdi_action
10187.427467000    <idle>           0      hdi_action
10187.428433000    <idle>           0      hdi_action
10187.429387000    <idle>           0      hdi_action
10187.430432000    <idle>           0      hdi_action
10187.431407000    <idle>           0      hdi_action
10187.432433000    <idle>           0      hdi_action
10187.433410000    <idle>           0      hdi_action
10187.434410000    <idle>           0      hdi_action
10187.435469000    <idle>           0      hdi_action
10187.436468000    <idle>           0      hdi_action
10187.438466000    <idle>           0      hdi_action
10187.439468000    <idle>           0      hdi_action
10187.440469000    <idle>           0      hdi_action
10187.441472000    <idle>           0      hdi_action
10187.442495000    <idle>           0      hdi_action
10187.443496000    <idle>           0      hdi_action
10187.444496000    <idle>           0      hdi_action
10187.445496000    <idle>           0      hdi_action
10187.446411000    <idle>           0      hdi_action
10187.447433000    <idle>           0      hdi_action
10187.448409000    <idle>           0      hdi_action
10187.449407000    <idle>           0      hdi_action
10187.451466000    <idle>           0      hdi_action
10187.452467000    <idle>           0      hdi_action
10187.453433000    <idle>           0      hdi_action
10187.454431000    <idle>           0      hdi_action
10187.456466000    <idle>           0      hdi_action
10187.458414000    <idle>           0      hdi_action
10187.459466000    <idle>           0      hdi_action
10187.460467000    <idle>           0      hdi_action
10187.462391000    <idle>           0      hdi_action
10187.463497000    <idle>           0      hdi_action
10187.464412000    <idle>           0      hdi_action
10187.465432000    <idle>           0      hdi_action
10187.466414000    <idle>           0      hdi_action
10187.467467000    <idle>           0      hdi_action
10187.468468000    <idle>           0      hdi_action
10187.469431000    <idle>           0      hdi_action
10187.470406000    <idle>           0      hdi_action
10187.471405000    <idle>           0      hdi_action
10187.472402000    <idle>           0      hdi_action
10187.473468000    <idle>           0      hdi_action
10187.474431000    <idle>           0      hdi_action
10187.475495000    <idle>           0      hdi_action
10187.476459000    <idle>           0      hdi_action
10187.477393000    ThreadPoolServi  24389  hdi_action
10187.478433000    <idle>           0      hdi_action
10187.479433000    <idle>           0      hdi_action
10187.480405000    <idle>           0      hdi_action
10187.481407000    <idle>           0      hdi_action
10187.482410000    <idle>           0      hdi_action
10187.483411000    <idle>           0      hdi_action
10187.484468000    <idle>           0      hdi_action
10187.485410000    <idle>           0      hdi_action
10187.486400000    <idle>           0      hdi_action
10187.487399000    <idle>           0      hdi_action
10187.488394000    <idle>           0      hdi_action
10187.489403000    <idle>           0      hdi_action
10187.490409000    <idle>           0      hdi_action
10187.491416000    <idle>           0      hdi_action
10187.492471000    <idle>           0      hdi_action
10187.493409000    <idle>           0      hdi_action
10187.494435000    <idle>           0      hdi_action
10187.495469000    <idle>           0      hdi_action
10187.496405000    <idle>           0      hdi_action
10187.497402000    <idle>           0      hdi_action
10187.498409000    <idle>           0      hdi_action
10187.499409000    <idle>           0      hdi_action
10187.500378000    <idle>           0      hdi_action
10187.501418000    <idle>           0      hdi_action
10187.502376000    <idle>           0      hdi_action
10187.503376000    <idle>           0      hdi_action
10187.504375000    <idle>           0      hdi_action
10187.505392000    <idle>           0      hdi_action
10187.506376000    <idle>           0      hdi_action
10187.507393000    <idle>           0      hdi_action
10187.508393000    <idle>           0      hdi_action
10187.509386000    <idle>           0      hdi_action
10187.510404000    <idle>           0      hdi_action
10187.511403000    <idle>           0      hdi_action
10187.512402000    <idle>           0      hdi_action
10187.513402000    <idle>           0      hdi_action
10187.514402000    <idle>           0      hdi_action
10187.515407000    <idle>           0      hdi_action
10187.516402000    <idle>           0      hdi_action
10187.517467000    <idle>           0      hdi_action
10187.518410000    <idle>           0      hdi_action
10187.519470000    <idle>           0      hdi_action
10187.520471000    <idle>           0      hdi_action
10187.521470000    <idle>           0      hdi_action
10187.522468000    <idle>           0      hdi_action
10187.523435000    <idle>           0      hdi_action
10187.524405000    <idle>           0      hdi_action
10187.525470000    <idle>           0      hdi_action
10187.526387000    <idle>           0      hdi_action
10187.527398000    <idle>           0      hdi_action
10187.528388000    <idle>           0      hdi_action
10187.529433000    <idle>           0      hdi_action
10187.530410000    <idle>           0      hdi_action
10187.531434000    <idle>           0      hdi_action
10187.532435000    <idle>           0      hdi_action
10187.533435000    <idle>           0      hdi_action
10187.534435000    <idle>           0      hdi_action
10187.535470000    <idle>           0      hdi_action
10187.536409000    <idle>           0      hdi_action
10187.537393000    <idle>           0      hdi_action
10187.538414000    <idle>           0      hdi_action
10187.539404000    <idle>           0      hdi_action
10187.540379000    <idle>           0      hdi_action
10187.541407000    <idle>           0      hdi_action
10187.542471000    <idle>           0      hdi_action
10187.543375000    <idle>           0      hdi_action
10187.544377000    <idle>           0      hdi_action
10187.545376000    gnome-shell      1920   hdi_action
10187.546374000    gnome-shell      1920   hdi_action
10187.547373000    gnome-shell      1920   hdi_action
10187.548374000    gnome-shell      1920   hdi_action
10187.549373000    gnome-shell      1920   hdi_action
10187.550381000    gnome-shell      1920   hdi_action
10187.551386000    gnome-shell      1920   hdi_action
10187.552387000    gnome-shell      1920   hdi_action
10187.553397000    spotify          24306  hdi_action
10187.554397000    spotify          24306  hdi_action
10187.555404000    <idle>           0      hdi_action
10187.556409000    <idle>           0      hdi_action
10187.557408000    VizCompositorTh  24378  hdi_action
10187.558416000    KMS thread       1952   hdi_action
10187.559400000    VizCompositorTh  24378  hdi_action
10187.560409000    Compositor       24395  hdi_action
10187.561417000    Compositor       24395  hdi_action
10187.562406000    Compositor       24395  hdi_action
10187.563397000    Media Mixer Ren  104797 hdi_action
10187.564397000    Compositor       24395  hdi_action
10187.565399000    VizCompositorTh  24378  hdi_action
10187.566399000    <idle>           0      hdi_action
10187.567398000    <idle>           0      hdi_action
10187.568395000    <idle>           0      hdi_action
10187.569397000    <idle>           0      hdi_action
10187.570385000    <idle>           0      hdi_action
10187.571381000    <idle>           0      hdi_action
10187.572402000    <idle>           0      hdi_action
10187.573400000    <idle>           0      hdi_action
10187.574396000    <idle>           0      hdi_action
10187.575395000    <idle>           0      hdi_action
10187.576399000    <idle>           0      hdi_action
10187.577403000    <idle>           0      hdi_action
10187.578400000    <idle>           0      hdi_action
10187.579384000    <idle>           0      hdi_action
10187.580396000    <idle>           0      hdi_action
10187.581402000    <idle>           0      hdi_action
10187.582393000    Compositor       24395  hdi_action
10187.583395000    <idle>           0      hdi_action
10187.584398000    <idle>           0      hdi_action
10187.585381000    Compositor       24395  hdi_action
10187.586409000    <idle>           0      hdi_action
10187.587407000    <idle>           0      hdi_action
10187.588388000    <idle>           0      hdi_action
10187.589413000    Media Mixer Ren  104797 hdi_action
10187.590406000    pulseaudio       23807  hdi_action
10187.591416000    pulseaudio       23807  hdi_action
10187.592421000    threaded-ml      24672  hdi_action
10187.593395000    Compositor       24395  hdi_action
10187.594394000    Compositor       24395  hdi_action
10187.595387000    <idle>           0      hdi_action
10187.596385000    Compositor       24395  hdi_action
10187.597400000    <idle>           0      hdi_action
10187.598405000    <idle>           0      hdi_action
10187.599409000    <idle>           0      hdi_action
10187.600405000    <idle>           0      hdi_action
10187.601407000    <idle>           0      hdi_action
10187.602431000    <idle>           0      hdi_action
10187.603399000    <idle>           0      hdi_action
10187.604412000    <idle>           0      hdi_action
10187.605415000    <idle>           0      hdi_action
10187.606399000    gnome-shell      1920   hdi_action
10187.607413000    <idle>           0      hdi_action
10187.608384000    gnome-shell      1920   hdi_action
10187.609417000    Chrome_ChildIOT  24391  hdi_action
10187.610384000    <idle>           0      hdi_action
10187.611402000    <idle>           0      hdi_action
10187.612396000    <idle>           0      hdi_action
10187.613406000    <idle>           0      hdi_action
10187.614380000    pulseaudio       23807  hdi_action
10187.615417000    <idle>           0      hdi_action
10187.616409000    <idle>           0      hdi_action
10187.617408000    <idle>           0      hdi_action
10187.618412000    <idle>           0      hdi_action
10187.619411000    <idle>           0      hdi_action
10187.620411000    <idle>           0      hdi_action
10187.621410000    <idle>           0      hdi_action
10187.622417000    <idle>           0      hdi_action
10187.623397000    Compositor       24395  hdi_action
10187.624420000    Compositor       24395  hdi_action
10187.625386000    Compositor       24395  hdi_action
10187.626413000    Compositor       24395  hdi_action
10187.627423000    <idle>           0      hdi_action
10187.628386000    <idle>           0      hdi_action
10187.629398000    <idle>           0      hdi_action
10187.630392000    <idle>           0      hdi_action
10187.631409000    <idle>           0      hdi_action
10187.632403000    <idle>           0      hdi_action
10187.633402000    <idle>           0      hdi_action
10187.634406000    <idle>           0      hdi_action
10187.635414000    <idle>           0      hdi_action
10187.636410000    <idle>           0      hdi_action
10187.637411000    <idle>           0      hdi_action
10187.638380000    <idle>           0      hdi_action
10187.639408000    <idle>           0      hdi_action
10187.640416000    Compositor       24395  hdi_action
10187.641406000    Compositor       24395  hdi_action
10187.642399000    Compositor       24395  hdi_action
10187.643411000    <idle>           0      hdi_action
10187.644391000    <idle>           0      hdi_action
10187.645399000    <idle>           0      hdi_action
10187.646408000    <idle>           0      hdi_action
10187.647387000    <idle>           0      hdi_action
10187.648380000    <idle>           0      hdi_action
10187.649380000    <idle>           0      hdi_action
10187.650398000    <idle>           0      hdi_action
10187.651390000    wezterm-gui      2909   hdi_action
10187.652393000    wezterm-gui      2909   hdi_action
10187.653391000    wezterm-gui      2909   hdi_action
10187.654393000    wezterm-gui      2909   hdi_action
10187.655405000    wezterm-gui      2909   hdi_action
10187.656389000    ThreadPoolServi  24389  hdi_action
10187.657396000    <idle>           0      hdi_action
10187.658406000    <idle>           0      hdi_action
10187.659393000    <idle>           0      hdi_action
10187.660403000    <idle>           0      hdi_action
10187.661400000    <idle>           0      hdi_action
10187.662394000    <idle>           0      hdi_action
10187.663381000    <idle>           0      hdi_action
10187.664378000    <idle>           0      hdi_action
10187.665401000    <idle>           0      hdi_action
10187.666395000    <idle>           0      hdi_action
10187.667395000    <idle>           0      hdi_action
10187.668396000    <idle>           0      hdi_action
10187.669380000    <idle>           0      hdi_action
10187.670405000    <idle>           0      hdi_action
10187.671393000    <idle>           0      hdi_action
10187.672395000    <idle>           0      hdi_action
10187.673392000    <idle>           0      hdi_action
10187.674379000    <idle>           0      hdi_action
10187.675392000    <idle>           0      hdi_action
10187.676395000    <idle>           0      hdi_action
10187.677397000    <idle>           0      hdi_action
10187.678419000    <idle>           0      hdi_action
10187.679417000    <idle>           0      hdi_action
10187.680408000    <idle>           0      hdi_action
10187.681436000    VizCompositorTh  24378  hdi_action
10187.682398000    VizCompositorTh  24378  hdi_action
10187.683393000    VizCompositorTh  24378  hdi_action
10187.684386000    <idle>           0      hdi_action
10187.685413000    <idle>           0      hdi_action
10187.686404000    <idle>           0      hdi_action
10187.687406000    <idle>           0      hdi_action
10187.688389000    <idle>           0      hdi_action
10187.689397000    Compositor       24395  hdi_action
10187.690409000    <idle>           0      hdi_action
10187.691419000    <idle>           0      hdi_action
10187.692409000    VizCompositorTh  24378  hdi_action
10187.693390000    <idle>           0      hdi_action
10187.694407000    <idle>           0      hdi_action
10187.695408000    <idle>           0      hdi_action
10187.696390000    <idle>           0      hdi_action
10187.697382000    <idle>           0      hdi_action
10187.698398000    <idle>           0      hdi_action
10187.699411000    <idle>           0      hdi_action
10187.700415000    <idle>           0      hdi_action
10187.701436000    <idle>           0      hdi_action
10187.702412000    <idle>           0      hdi_action
10187.703410000    <idle>           0      hdi_action
10187.704420000    <idle>           0      hdi_action
10187.705405000    <idle>           0      hdi_action
10187.706417000    <idle>           0      hdi_action
10187.707398000    <idle>           0      hdi_action
10187.708394000    <idle>           0      hdi_action
10187.709412000    <idle>           0      hdi_action
10187.710391000    ThreadPoolSingl  24503  hdi_action
10187.711402000    <idle>           0      hdi_action
10187.712389000    <idle>           0      hdi_action
10187.713410000    <idle>           0      hdi_action
10187.714408000    <idle>           0      hdi_action
10187.715411000    <idle>           0      hdi_action
10187.716413000    <idle>           0      hdi_action
10187.717412000    <idle>           0      hdi_action
10187.718433000    <idle>           0      hdi_action
10187.719411000    <idle>           0      hdi_action
10187.720398000    <idle>           0      hdi_action
10187.721409000    <idle>           0      hdi_action
10187.722413000    Chrome_ChildIOT  24391  hdi_action
10187.723399000    Compositor       24395  hdi_action
10187.724408000    Compositor       24395  hdi_action
10187.725417000    Compositor       24395  hdi_action
10187.726396000    Compositor       24395  hdi_action
10187.727386000    spotify          24306  hdi_action
10187.728406000    <idle>           0      hdi_action
10187.729409000    <idle>           0      hdi_action
10187.730407000    <idle>           0      hdi_action
10187.731403000    <idle>           0      hdi_action
10187.732402000    <idle>           0      hdi_action
10187.733385000    <idle>           0      hdi_action
10187.734406000    <idle>           0      hdi_action
10187.735406000    <idle>           0      hdi_action
10187.736403000    <idle>           0      hdi_action
10187.737409000    <idle>           0      hdi_action
10187.738381000    gnome-shell      1920   hdi_action
10187.739418000    spotify          24306  hdi_action
10187.740408000    spotify          24306  hdi_action
10187.741403000    spotify          24306  hdi_action
10187.742411000    <idle>           0      hdi_action
10187.743411000    <idle>           0      hdi_action
10187.744385000    <idle>           0      hdi_action
10187.745407000    <idle>           0      hdi_action
10187.746412000    <idle>           0      hdi_action
10187.747401000    <idle>           0      hdi_action
10187.748400000    <idle>           0      hdi_action
10187.749407000    <idle>           0      hdi_action
10187.750407000    <idle>           0      hdi_action
10187.751410000    <idle>           0      hdi_action
10187.752410000    <idle>           0      hdi_action
10187.753434000    <idle>           0      hdi_action
10187.754412000    <idle>           0      hdi_action
10187.755419000    <idle>           0      hdi_action
10187.756424000    <idle>           0      hdi_action
10187.757410000    <idle>           0      hdi_action
10187.758404000    gnome-shell      1920   hdi_action
10187.759427000    <idle>           0      hdi_action
10187.760403000    gnome-shell      1920   hdi_action
10187.761389000    <idle>           0      hdi_action
10187.762383000    <idle>           0      hdi_action
10187.763407000    <idle>           0      hdi_action
10187.764400000    <idle>           0      hdi_action
10187.765400000    <idle>           0      hdi_action
10187.766412000    <idle>           0      hdi_action
10187.767412000    <idle>           0      hdi_action
10187.768430000    <idle>           0      hdi_action
10187.769421000    <idle>           0      hdi_action
10187.770407000    <idle>           0      hdi_action
10187.771407000    <idle>           0      hdi_action
10187.772408000    ThreadPoolServi  24389  hdi_action
10187.773406000    <idle>           0      hdi_action
10187.774415000    <idle>           0      hdi_action
10187.775390000    <idle>           0      hdi_action
10187.776407000    spotify          24306  hdi_action
10187.777392000    VizCompositorTh  24378  hdi_action
10187.778394000    <idle>           0      hdi_action
10187.779398000    <idle>           0      hdi_action
10187.780410000    <idle>           0      hdi_action
10187.781402000    <idle>           0      hdi_action
10187.782403000    <idle>           0      hdi_action
10187.783410000    <idle>           0      hdi_action
10187.784409000    <idle>           0      hdi_action
10187.785412000    <idle>           0      hdi_action
10187.786417000    <idle>           0      hdi_action
10187.787411000    <idle>           0      hdi_action
10187.788391000    <idle>           0      hdi_action
10187.789416000    VizCompositorTh  24378  hdi_action
10187.790419000    Compositor       24395  hdi_action
10187.791403000    Compositor       24395  hdi_action
10187.792417000    <idle>           0      hdi_action
10187.793406000    VizCompositorTh  24378  hdi_action
10187.794382000    <idle>           0      hdi_action
10187.795399000    <idle>           0      hdi_action
10187.796408000    <idle>           0      hdi_action
10187.797401000    <idle>           0      hdi_action
10187.798403000    <idle>           0      hdi_action
10187.799383000    <idle>           0      hdi_action
10187.800397000    <idle>           0      hdi_action
10187.801414000    <idle>           0      hdi_action
10187.802411000    <idle>           0      hdi_action
10187.803412000    <idle>           0      hdi_action
10187.804409000    <idle>           0      hdi_action
10187.805405000    <idle>           0      hdi_action
10187.806411000    gnome-shell      1920   hdi_action
10187.807395000    gnome-shell      1920   hdi_action
10187.808390000    gnome-shell      1920   hdi_action
10187.809414000    <idle>           0      hdi_action
10187.810389000    VizCompositorTh  24378  hdi_action
10187.811417000    <idle>           0      hdi_action
10187.812408000    <idle>           0      hdi_action
10187.813402000    <idle>           0      hdi_action
10187.814401000    <idle>           0      hdi_action
10187.815407000    <idle>           0      hdi_action
10187.816411000    <idle>           0      hdi_action
10187.817435000    <idle>           0      hdi_action
10187.818410000    <idle>           0      hdi_action
10187.819467000    <idle>           0      hdi_action
10187.820432000    <idle>           0      hdi_action
10187.821405000    <idle>           0      hdi_action
10187.822429000    <idle>           0      hdi_action
10187.823407000    Compositor       24395  hdi_action
10187.824404000    Compositor       24395  hdi_action
10187.825409000    Compositor       24395  hdi_action
10187.826399000    <idle>           0      hdi_action
10187.827390000    <idle>           0      hdi_action
10187.828405000    <idle>           0      hdi_action
10187.829407000    <idle>           0      hdi_action
10187.830401000    <idle>           0      hdi_action
10187.831408000    <idle>           0      hdi_action
10187.832406000    <idle>           0      hdi_action
10187.833410000    <idle>           0      hdi_action
10187.834406000    <idle>           0      hdi_action
10187.835382000    <idle>           0      hdi_action
10187.836471000    <idle>           0      hdi_action
10187.837434000    <idle>           0      hdi_action
10187.838381000    <idle>           0      hdi_action
10187.839418000    spotify          24306  hdi_action
10187.840412000    spotify          24306  hdi_action
10187.841382000    spotify          24306  hdi_action
10187.842407000    Xwayland         3133   hdi_action
10187.843401000    <idle>           0      hdi_action
10187.844402000    <idle>           0      hdi_action
10187.845408000    <idle>           0      hdi_action
10187.846401000    <idle>           0      hdi_action
10187.847408000    <idle>           0      hdi_action
10187.848407000    <idle>           0      hdi_action
10187.849411000    <idle>           0      hdi_action
10187.850412000    <idle>           0      hdi_action
10187.851411000    <idle>           0      hdi_action
10187.852410000    <idle>           0      hdi_action
10187.853470000    <idle>           0      hdi_action
10187.854412000    <idle>           0      hdi_action
10187.855404000    <idle>           0      hdi_action
10187.856416000    <idle>           0      hdi_action
10187.857410000    gnome-shell      1920   hdi_action
10187.858386000    VizCompositorTh  24378  hdi_action
10187.860425000    spotify          24306  hdi_action
10187.861412000    <idle>           0      hdi_action
10187.862381000    threaded-ml      24672  hdi_action
10187.863399000    <idle>           0      hdi_action
10187.865409000    <idle>           0      hdi_action
10187.866414000    <idle>           0      hdi_action
10187.867412000    <idle>           0      hdi_action
10187.868412000    <idle>           0      hdi_action
10187.869433000    <idle>           0      hdi_action
10187.870414000    <idle>           0      hdi_action
10187.871408000    <idle>           0      hdi_action
10187.872411000    Xwayland         3133   hdi_action
10187.873412000    ThreadPoolSingl  24503  hdi_action
10187.874442000    <idle>           0      hdi_action
10187.875401000    kworker/0:3      109332 hdi_action
10187.876416000    ThreadPoolServi  24389  hdi_action
10187.877408000    <idle>           0      hdi_action
10187.878411000    <idle>           0      hdi_action
10187.879409000    <idle>           0      hdi_action
10187.880413000    <idle>           0      hdi_action
10187.881412000    <idle>           0      hdi_action
10187.882411000    <idle>           0      hdi_action
10187.883471000    <idle>           0      hdi_action
10187.884470000    <idle>           0      hdi_action
10187.885433000    <idle>           0      hdi_action
10187.886410000    <idle>           0      hdi_action
10187.887411000    <idle>           0      hdi_action
10187.888382000    Xwayland         3133   hdi_action
10187.889415000    <idle>           0      hdi_action
10187.890407000    <idle>           0      hdi_action
10187.891417000    <idle>           0      hdi_action
10187.892419000    <idle>           0      hdi_action
10187.893407000    spotify          24306  hdi_action
10187.894411000    <idle>           0      hdi_action
10187.895395000    <idle>           0      hdi_action
10187.896409000    <idle>           0      hdi_action
10187.897412000    <idle>           0      hdi_action
10187.898400000    <idle>           0      hdi_action
10187.899402000    <idle>           0      hdi_action
10187.900380000    pulseaudio       23807  hdi_action
10187.901399000    <idle>           0      hdi_action
10187.902408000    <idle>           0      hdi_action
10187.903389000    <idle>           0      hdi_action
10187.904412000    <idle>           0      hdi_action
10187.905413000    <idle>           0      hdi_action
10187.906417000    Chrome_ChildIOT  24391  hdi_action
10187.907415000    <idle>           0      hdi_action
10187.908393000    <idle>           0      hdi_action
10187.909392000    <idle>           0      hdi_action
10187.910384000    <idle>           0      hdi_action
10187.911403000    <idle>           0      hdi_action
10187.912411000    <idle>           0      hdi_action
10187.913412000    <idle>           0      hdi_action
10187.914408000    <idle>           0      hdi_action
10187.915382000    <idle>           0      hdi_action
10187.916411000    <idle>           0      hdi_action
10187.917412000    <idle>           0      hdi_action
10187.918397000    <idle>           0      hdi_action
10187.919412000    <idle>           0      hdi_action
10187.920413000    <idle>           0      hdi_action
10187.921409000    <idle>           0      hdi_action
10187.922432000    gnome-shell      1920   hdi_action
10187.923420000    spotify          24387  hdi_action
10187.924416000    gnome-shell      1920   hdi_action
10187.925407000    <idle>           0      hdi_action
10187.926391000    gnome-shell      1920   hdi_action
10187.927398000    <idle>           0      hdi_action
10187.928407000    <idle>           0      hdi_action
10187.929408000    <idle>           0      hdi_action
10187.930407000    <idle>           0      hdi_action
10187.931386000    <idle>           0      hdi_action
10187.932401000    <idle>           0      hdi_action
10187.933406000    <idle>           0      hdi_action
10187.934406000    <idle>           0      hdi_action
10187.935412000    <idle>           0      hdi_action
10187.936383000    <idle>           0      hdi_action
10187.937413000    <idle>           0      hdi_action
10187.938388000    <idle>           0      hdi_action
10187.939423000    Compositor       24395  hdi_action
10187.940403000    Compositor       24395  hdi_action
10187.941403000    Compositor       24395  hdi_action
10187.942415000    Chrome_ChildIOT  24377  hdi_action
10187.943412000    <idle>           0      hdi_action
10187.944388000    <idle>           0      hdi_action
10187.945410000    <idle>           0      hdi_action
10187.946409000    <idle>           0      hdi_action
10187.947401000    <idle>           0      hdi_action
10187.948401000    <idle>           0      hdi_action
10187.949406000    <idle>           0      hdi_action
10187.950407000    <idle>           0      hdi_action
10187.951411000    <idle>           0      hdi_action
10187.952412000    <idle>           0      hdi_action
10187.953411000    <idle>           0      hdi_action
10187.954411000    <idle>           0      hdi_action
10187.955408000    <idle>           0      hdi_action
10187.956416000    Compositor       24395  hdi_action
10187.957408000    Compositor       24395  hdi_action
10187.958388000    Compositor       24395  hdi_action
10187.959410000    <idle>           0      hdi_action
10187.960400000    <idle>           0      hdi_action
10187.961407000    <idle>           0      hdi_action
10187.962387000    <idle>           0      hdi_action
10187.963400000    <idle>           0      hdi_action
10187.964400000    <idle>           0      hdi_action
10187.965408000    <idle>           0      hdi_action
10187.966412000    <idle>           0      hdi_action
10187.967412000    <idle>           0      hdi_action
10187.968411000    <idle>           0      hdi_action
10187.969381000    <idle>           0      hdi_action
10187.970408000    <idle>           0      hdi_action
10187.971392000    <idle>           0      hdi_action
10187.972398000    gnome-shell      1920   hdi_action
10187.973415000    gnome-shell      1920   hdi_action
10187.974411000    gnome-shell      1920   hdi_action
10187.975408000    VizCompositorTh  24378  hdi_action
10187.976413000    <idle>           0      hdi_action
10187.977394000    <idle>           0      hdi_action
10187.978411000    <idle>           0      hdi_action
10187.979403000    <idle>           0      hdi_action
10187.980409000    <idle>           0      hdi_action
10187.981408000    <idle>           0      hdi_action
10187.982408000    <idle>           0      hdi_action
10187.983412000    <idle>           0      hdi_action
10187.984411000    <idle>           0      hdi_action
10187.985471000    <idle>           0      hdi_action
10187.986430000    <idle>           0      hdi_action
10187.987395000    <idle>           0      hdi_action
10187.988406000    <idle>           0      hdi_action
10187.989452000    <idle>           0      hdi_action
10187.990412000    <idle>           0      hdi_action
10187.991385000    <idle>           0      hdi_action
10187.992412000    Chrome_ChildIOT  24377  hdi_action
10187.993410000    <idle>           0      hdi_action
10187.994382000    <idle>           0      hdi_action
10187.995412000    <idle>           0      hdi_action
10187.996401000    <idle>           0      hdi_action
10187.997408000    <idle>           0      hdi_action
10187.998411000    <idle>           0      hdi_action
10187.999407000    <idle>           0      hdi_action
10188.000411000    <idle>           0      hdi_action
10188.001410000    <idle>           0      hdi_action
10188.002385000    <idle>           0      hdi_action
10188.003381000    <idle>           0      hdi_action
10188.004382000    <idle>           0      hdi_action
10188.005430000    <idle>           0      hdi_action
10188.006437000    <idle>           0      hdi_action
10188.007412000    Compositor       24395  hdi_action
10188.008389000    Compositor       24395  hdi_action
10188.009401000    Compositor       24395  hdi_action
10188.010388000    <idle>           0      hdi_action
10188.011404000    <idle>           0      hdi_action
10188.012408000    <idle>           0      hdi_action
10188.013402000    <idle>           0      hdi_action
10188.014408000    <idle>           0      hdi_action
10188.015398000    <idle>           0      hdi_action
10188.016411000    <idle>           0      hdi_action
10188.017433000    <idle>           0      hdi_action
10188.018411000    <idle>           0      hdi_action
10188.019432000    <idle>           0      hdi_action
10188.020408000    <idle>           0      hdi_action
10188.021391000    <idle>           0      hdi_action
10188.022420000    <idle>           0      hdi_action
10188.023422000    Compositor       24395  hdi_action
10188.024404000    Compositor       24395  hdi_action
10188.025410000    <idle>           0      hdi_action
10188.026392000    ThreadPoolForeg  24390  hdi_action
10188.027384000    <idle>           0      hdi_action
10188.028403000    <idle>           0      hdi_action
10188.029409000    <idle>           0      hdi_action
10188.030402000    <idle>           0      hdi_action
10188.031409000    <idle>           0      hdi_action
10188.032412000    <idle>           0      hdi_action
10188.033411000    <idle>           0      hdi_action
10188.034408000    <idle>           0      hdi_action
10188.035411000    <idle>           0      hdi_action
10188.036409000    <idle>           0      hdi_action
10188.037407000    <idle>           0      hdi_action
10188.038402000    Xwayland         3133   hdi_action
10188.039427000    <idle>           0      hdi_action
10188.040412000    <idle>           0      hdi_action
10188.041390000    <idle>           0      hdi_action
10188.042397000    spotify          24306  hdi_action
10188.043389000    spotify          24306  hdi_action
10188.044383000    <idle>           0      hdi_action
10188.045396000    <idle>           0      hdi_action
10188.046391000    <idle>           0      hdi_action
10188.047402000    <idle>           0      hdi_action
10188.048412000    <idle>           0      hdi_action
10188.049411000    <idle>           0      hdi_action
10188.050411000    <idle>           0      hdi_action
10188.051410000    <idle>           0      hdi_action
10188.052407000    <idle>           0      hdi_action
10188.053409000    <idle>           0      hdi_action
10188.054409000    <idle>           0      hdi_action
10188.055403000    spotify          24306  hdi_action
10188.056409000    spotify          24306  hdi_action
10188.057407000    spotify          24306  hdi_action
10188.058415000    <idle>           0      hdi_action
10188.059397000    <idle>           0      hdi_action
10188.060384000    spotify          24306  hdi_action
10188.061383000    ThreadPoolSingl  24503  hdi_action
10188.062382000    pulseaudio       23807  hdi_action
10188.063404000    <idle>           0      hdi_action
10188.064399000    <idle>           0      hdi_action
10188.065408000    <idle>           0      hdi_action
10188.066411000    <idle>           0      hdi_action
10188.067411000    <idle>           0      hdi_action
10188.068409000    <idle>           0      hdi_action
10188.069406000    <idle>           0      hdi_action
10188.070408000    <idle>           0      hdi_action
10188.071381000    <idle>           0      hdi_action
10188.072404000    gnome-shell      1920   hdi_action
10188.073410000    gnome-shell      1920   hdi_action
10188.074408000    gnome-shell      1920   hdi_action
10188.075411000    gnome-shell      1920   hdi_action
10188.076397000    <idle>           0      hdi_action
10188.077401000    <idle>           0      hdi_action
10188.078413000    <idle>           0      hdi_action
10188.079413000    <idle>           0      hdi_action
10188.080408000    <idle>           0      hdi_action
10188.081416000    <idle>           0      hdi_action
10188.082401000    <idle>           0      hdi_action
10188.083406000    <idle>           0      hdi_action
10188.084406000    <idle>           0      hdi_action
10188.085408000    <idle>           0      hdi_action
10188.086406000    <idle>           0      hdi_action
10188.087411000    <idle>           0      hdi_action
10188.088408000    <idle>           0      hdi_action
10188.089427000    spotify          24387  hdi_action
10188.090406000    Isolated Web Co  14157  hdi_action
10188.091415000    gnome-control-c  23692  hdi_action
10188.092429000    Chrome_ChildIOT  24377  hdi_action
10188.093412000    <idle>           0      hdi_action
10188.094383000    spotify          24306  hdi_action
10188.095403000    <idle>           0      hdi_action
10188.096408000    <idle>           0      hdi_action
10188.097409000    <idle>           0      hdi_action
10188.098402000    <idle>           0      hdi_action
10188.099400000    <idle>           0      hdi_action
10188.100406000    <idle>           0      hdi_action
10188.101411000    <idle>           0      hdi_action
10188.102412000    <idle>           0      hdi_action
10188.103377000    KMS thread       1952   hdi_action
10188.104394000    <idle>           0      hdi_action
10188.105420000    <idle>           0      hdi_action
10188.106418000    threaded-ml      24672  hdi_action
10188.107409000    spotify          24387  hdi_action
10188.108395000    ThreadPoolSingl  24503  hdi_action
10188.109396000    gnome-shell      1920   hdi_action
10188.110411000    gnome-shell      1920   hdi_action
10188.111409000    <idle>           0      hdi_action
10188.112413000    <idle>           0      hdi_action
10188.113405000    <idle>           0      hdi_action
10188.114407000    <idle>           0      hdi_action
10188.115413000    <idle>           0      hdi_action
10188.116412000    <idle>           0      hdi_action
10188.117468000    <idle>           0      hdi_action
10188.118470000    <idle>           0      hdi_action
10188.119432000    <idle>           0      hdi_action
10188.120407000    <idle>           0      hdi_action
10188.121390000    <idle>           0      hdi_action
10188.122408000    VizCompositorTh  24378  hdi_action
10188.123409000    <idle>           0      hdi_action
10188.124428000    <idle>           0      hdi_action
10188.125407000    <idle>           0      hdi_action
10188.126392000    <idle>           0      hdi_action
10188.127387000    spotify          24306  hdi_action
10188.128412000    <idle>           0      hdi_action
10188.129408000    <idle>           0      hdi_action
10188.130402000    <idle>           0      hdi_action
10188.131380000    pulseaudio       23807  hdi_action
10188.132410000    <idle>           0      hdi_action
10188.133396000    <idle>           0      hdi_action
10188.134412000    <idle>           0      hdi_action
10188.135382000    <idle>           0      hdi_action
10188.136382000    pulseaudio       23807  hdi_action
10188.137398000    <idle>           0      hdi_action
10188.138406000    Xwayland         3133   hdi_action
10188.139430000    <idle>           0      hdi_action
10188.140410000    <idle>           0      hdi_action
10188.141382000    Xwayland         3133   hdi_action
10188.142428000    <idle>           0      hdi_action
10188.143410000    <idle>           0      hdi_action
10188.144385000    <idle>           0      hdi_action
10188.145407000    <idle>           0      hdi_action
10188.146406000    <idle>           0      hdi_action
10188.147396000    <idle>           0      hdi_action
10188.148383000    pulseaudio       23807  hdi_action
10188.149399000    <idle>           0      hdi_action
10188.150381000    <...>            112074 hdi_action
10188.151384000    <...>            112074 hdi_action
10188.152385000    sh               112074 hdi_action
10188.153384000    <...>            112078 hdi_action
10188.154385000    sed              112079 hdi_action
10188.155447000    Chrome_ChildIOT  24391  hdi_action
10188.156391000    sed              112077 hdi_action
10188.157413000    python           112004 hdi_action
10188.158415000    tr               112080 hdi_action
10188.159418000    VizCompositorTh  24378  hdi_action
10188.160407000    <idle>           0      hdi_action
10188.161393000    gnome-shell      1920   hdi_action
10188.162386000    VizCompositorTh  24378  hdi_action
10188.163383000    spotify          24306  hdi_action
10188.164402000    <idle>           0      hdi_action
10188.165403000    <idle>           0      hdi_action
10188.166397000    <idle>           0      hdi_action
10188.167403000    <idle>           0      hdi_action
10188.168407000    <idle>           0      hdi_action
10188.169381000    threaded-ml      24672  hdi_action
10188.170408000    <idle>           0      hdi_action
10188.171383000    <idle>           0      hdi_action
10188.172401000    gnome-shell      1920   hdi_action
10188.173412000    spotify          24387  hdi_action
10188.174410000    ThreadPoolSingl  24503  hdi_action
10188.175406000    <idle>           0      hdi_action
10188.176390000    VizCompositorTh  24378  hdi_action
10188.177386000    VizCompositorTh  24378  hdi_action
10188.178384000    <idle>           0      hdi_action
10188.179407000    <idle>           0      hdi_action
10188.180401000    <idle>           0      hdi_action
10188.181401000    <idle>           0      hdi_action
10188.182407000    <idle>           0      hdi_action
10188.183405000    <idle>           0      hdi_action
10188.184470000    <idle>           0      hdi_action
10188.185420000    <idle>           0      hdi_action
10188.186435000    <idle>           0      hdi_action
10188.187432000    <idle>           0      hdi_action
10188.188410000    <idle>           0      hdi_action
10188.189426000    <idle>           0      hdi_action
10188.190414000    ThreadPoolServi  24389  hdi_action
10188.191390000    spotify          24306  hdi_action
10188.193392000    spotify          24306  hdi_action
10188.195410000    <idle>           0      hdi_action
10188.196404000    <idle>           0      hdi_action
10188.197401000    <idle>           0      hdi_action
10188.200412000    <idle>           0      hdi_action
10188.213410000    <idle>           0      hdi_action
10188.214405000    <idle>           0      hdi_action
10188.215413000    <idle>           0      hdi_action
10188.217411000    <idle>           0      hdi_action
10188.219417000    <idle>           0      hdi_action
10188.220434000    <idle>           0      hdi_action
10188.221393000    <idle>           0      hdi_action
10188.223408000    spotify          24306  hdi_action
10188.224418000    <idle>           0      hdi_action
10188.225409000    <idle>           0      hdi_action
10188.226423000    <idle>           0      hdi_action
10188.227405000    <idle>           0      hdi_action
10188.228410000    <idle>           0      hdi_action
10188.229413000    <idle>           0      hdi_action
10188.230409000    <idle>           0      hdi_action
10188.231405000    <idle>           0      hdi_action
10188.232410000    <idle>           0      hdi_action
10188.233406000    <idle>           0      hdi_action
10188.234471000    <idle>           0      hdi_action
10188.235433000    <idle>           0      hdi_action
10188.236382000    <idle>           0      hdi_action
10188.237413000    <idle>           0      hdi_action
10188.238408000    <idle>           0      hdi_action
10188.239412000    waterfox         13862  hdi_action
10188.240407000    <idle>           0      hdi_action
10188.241393000    <idle>           0      hdi_action
10188.242401000    <idle>           0      hdi_action
10188.243382000    <idle>           0      hdi_action
10188.244388000    spotify          24306  hdi_action
10188.245410000    <idle>           0      hdi_action
10188.246400000    <idle>           0      hdi_action
10188.247389000    <idle>           0      hdi_action
10188.248411000    <idle>           0      hdi_action
10188.249411000    <idle>           0      hdi_action
10188.250412000    <idle>           0      hdi_action
10188.251406000    <idle>           0      hdi_action
10188.252408000    <idle>           0      hdi_action
10188.253406000    <idle>           0      hdi_action
10188.254409000    <idle>           0      hdi_action
10188.255412000    <idle>           0      hdi_action
10188.256402000    spotify          24387  hdi_action
10188.257420000    <idle>           0      hdi_action
10188.258394000    <idle>           0      hdi_action
10188.259398000    VizCompositorTh  24378  hdi_action
10188.260392000    VizCompositorTh  24378  hdi_action
10188.261400000    <idle>           0      hdi_action
10188.262379000    <idle>           0      hdi_action
10188.263393000    <idle>           0      hdi_action
10188.264411000    <idle>           0      hdi_action
10188.265407000    <idle>           0      hdi_action
10188.266387000    <idle>           0      hdi_action
10188.267409000    <idle>           0      hdi_action
10188.268411000    <idle>           0      hdi_action
10188.269431000    <idle>           0      hdi_action
10188.270411000    <idle>           0      hdi_action
10188.271414000    <idle>           0      hdi_action
10188.272414000    Compositor       24395  hdi_action
10188.273410000    Compositor       24395  hdi_action
10188.274406000    Compositor       24395  hdi_action
10188.275420000    VizCompositorTh  24378  hdi_action
10188.276392000    gnome-shell      1920   hdi_action
10188.277389000    <idle>           0      hdi_action
10188.278411000    <idle>           0      hdi_action
10188.279408000    <idle>           0      hdi_action
10188.280408000    <idle>           0      hdi_action
10188.281409000    <idle>           0      hdi_action
10188.282406000    <idle>           0      hdi_action
10188.283413000    <idle>           0      hdi_action
10188.284471000    <idle>           0      hdi_action
10188.285471000    <idle>           0      hdi_action
10188.286411000    <idle>           0      hdi_action
10188.287411000    <idle>           0      hdi_action
10188.288415000    <idle>           0      hdi_action
10188.289431000    <idle>           0      hdi_action
10188.290413000    ThreadPoolSingl  24503  hdi_action
10188.291389000    Xwayland         3133   hdi_action
10188.292404000    gnome-control-c  23692  hdi_action
10188.293397000    spotify          24306  hdi_action
10188.294383000    <idle>           0      hdi_action
10188.295411000    <idle>           0      hdi_action
10188.296407000    <idle>           0      hdi_action
10188.297408000    <idle>           0      hdi_action
10188.298401000    <idle>           0      hdi_action
10188.299406000    <idle>           0      hdi_action
10188.300411000    <idle>           0      hdi_action
10188.301412000    <idle>           0      hdi_action
10188.302432000    <idle>           0      hdi_action
10188.303396000    <idle>           0      hdi_action
10188.304409000    <idle>           0      hdi_action
10188.305413000    spotify          24306  hdi_action
10188.306409000    spotify          24306  hdi_action
10188.307409000    spotify          24306  hdi_action
10188.308381000    spotify          24306  hdi_action
10188.309420000    VizCompositorTh  24378  hdi_action
10188.310406000    <idle>           0      hdi_action
10188.311406000    <idle>           0      hdi_action
10188.312385000    <idle>           0      hdi_action
10188.313381000    <idle>           0      hdi_action
10188.314406000    <idle>           0      hdi_action
10188.315412000    <idle>           0      hdi_action
10188.316406000    <idle>           0      hdi_action
10188.317389000    <idle>           0      hdi_action
10188.318407000    <idle>           0      hdi_action
10188.319412000    <idle>           0      hdi_action
10188.320434000    <idle>           0      hdi_action
10188.321391000    <idle>           0      hdi_action
10188.322423000    Chrome_ChildIOT  24391  hdi_action
10188.323407000    KMS thread       1952   hdi_action
10188.324409000    <idle>           0      hdi_action
10188.325434000    <idle>           0      hdi_action
10188.326394000    <idle>           0      hdi_action
10188.327384000    spotify          24306  hdi_action
10188.328410000    <idle>           0      hdi_action
10188.329409000    <idle>           0      hdi_action
10188.330409000    <idle>           0      hdi_action
10188.331381000    <idle>           0      hdi_action
10188.332408000    <idle>           0      hdi_action
10188.333407000    <idle>           0      hdi_action
10188.334434000    <idle>           0      hdi_action
10188.335411000    <idle>           0      hdi_action
10188.336407000    <idle>           0      hdi_action
10188.337395000    <idle>           0      hdi_action
10188.338427000    Xwayland         3133   hdi_action
10188.339416000    pulseaudio       23807  hdi_action
10188.340415000    <idle>           0      hdi_action
10188.341398000    spotify          24306  hdi_action
10188.342389000    Chrome_ChildIOT  24377  hdi_action
10188.343385000    VizCompositorTh  24378  hdi_action
10188.344403000    <idle>           0      hdi_action
10188.345411000    <idle>           0      hdi_action
10188.346409000    <idle>           0      hdi_action
10188.347405000    <idle>           0      hdi_action
10188.348407000    <idle>           0      hdi_action
10188.349411000    <idle>           0      hdi_action
10188.350412000    <idle>           0      hdi_action
10188.351401000    <idle>           0      hdi_action
10188.352409000    <idle>           0      hdi_action
10188.353410000    <idle>           0      hdi_action
10188.354395000    <idle>           0      hdi_action
10188.355411000    <idle>           0      hdi_action
10188.356420000    <idle>           0      hdi_action
10188.357407000    <idle>           0      hdi_action
10188.358408000    <idle>           0      hdi_action
10188.359399000    <idle>           0      hdi_action
10188.360383000    <idle>           0      hdi_action
10188.361405000    <idle>           0      hdi_action
10188.362379000    pulseaudio       23807  hdi_action
10188.363408000    <idle>           0      hdi_action
10188.364403000    <idle>           0      hdi_action
10188.365407000    <idle>           0      hdi_action
10188.366411000    <idle>           0      hdi_action
10188.367412000    <idle>           0      hdi_action
10188.368436000    <idle>           0      hdi_action
10188.369411000    <idle>           0      hdi_action
10188.370409000    <idle>           0      hdi_action
10188.371421000    <idle>           0      hdi_action
10188.372429000    <idle>           0      hdi_action
10188.373406000    <idle>           0      hdi_action
10188.374410000    <idle>           0      hdi_action
10188.375407000    VizCompositorTh  24378  hdi_action
10188.376409000    VizCompositorTh  24378  hdi_action
10188.377384000    <idle>           0      hdi_action
10188.378380000    <idle>           0      hdi_action
10188.379409000    <idle>           0      hdi_action
10188.380408000    <idle>           0      hdi_action
10188.381401000    <idle>           0      hdi_action
10188.382402000    <idle>           0      hdi_action
10188.383404000    <idle>           0      hdi_action
10188.384408000    <idle>           0      hdi_action
10188.385406000    <idle>           0      hdi_action
10188.386406000    <idle>           0      hdi_action
10188.387407000    <idle>           0      hdi_action
10188.388405000    spotify          24306  hdi_action
10188.389416000    spotify          24306  hdi_action
10188.390403000    spotify          24306  hdi_action
10188.391393000    spotify          24306  hdi_action
10188.392413000    spotify          24306  hdi_action
10188.393388000    VizCompositorTh  24378  hdi_action
10188.394415000    <idle>           0      hdi_action
10188.395411000    <idle>           0      hdi_action
10188.396402000    <idle>           0      hdi_action
10188.397401000    <idle>           0      hdi_action
10188.398412000    <idle>           0      hdi_action
10188.399412000    <idle>           0      hdi_action
10188.400411000    <idle>           0      hdi_action
10188.401433000    <idle>           0      hdi_action
10188.402411000    <idle>           0      hdi_action
10188.403395000    <idle>           0      hdi_action
10188.404390000    gnome-shell      1920   hdi_action
10188.405423000    <idle>           0      hdi_action
10188.406424000    <idle>           0      hdi_action
10188.407419000    <idle>           0      hdi_action
10188.408391000    spotify          24306  hdi_action
10188.409405000    <idle>           0      hdi_action
10188.410412000    <idle>           0      hdi_action
10188.411401000    <idle>           0      hdi_action
10188.412401000    <idle>           0      hdi_action
10188.413384000    threaded-ml      24672  hdi_action
10188.414381000    <idle>           0      hdi_action
10188.415401000    <idle>           0      hdi_action
10188.417391000    Compositor       24395  hdi_action
10188.418390000    spotify          24306  hdi_action
10188.420403000    <idle>           0      hdi_action
10188.424392000    <idle>           0      hdi_action
10188.435432000    <idle>           0      hdi_action
10188.437410000    <idle>           0      hdi_action
10188.440426000    Compositor       24395  hdi_action
10188.441424000    gnome-shell      1920   hdi_action
10188.443384000    <idle>           0      hdi_action
10188.444403000    <idle>           0      hdi_action
10188.445407000    <idle>           0      hdi_action
10188.446402000    <idle>           0      hdi_action
10188.447400000    <idle>           0      hdi_action
10188.448410000    <idle>           0      hdi_action
10188.449411000    <idle>           0      hdi_action
10188.450469000    <idle>           0      hdi_action
10188.451435000    <idle>           0      hdi_action
10188.452411000    <idle>           0      hdi_action
10188.453413000    <idle>           0      hdi_action
10188.454390000    <idle>           0      hdi_action
10188.455440000    <idle>           0      hdi_action
10188.456412000    Compositor       24395  hdi_action
10188.457406000    Compositor       24395  hdi_action
10188.458411000    <idle>           0      hdi_action
10188.459408000    <idle>           0      hdi_action
10188.460385000    <idle>           0      hdi_action
10188.461400000    <idle>           0      hdi_action
10188.462397000    <idle>           0      hdi_action
10188.463418000    <idle>           0      hdi_action
10188.464400000    <idle>           0      hdi_action
10188.465401000    <idle>           0      hdi_action
10188.466413000    <idle>           0      hdi_action
10188.467411000    <idle>           0      hdi_action
10188.468379000    ThreadPoolSingl  24503  hdi_action
10188.469412000    <idle>           0      hdi_action
10188.470412000    <idle>           0      hdi_action
10188.471404000    <idle>           0      hdi_action
10188.472412000    gnome-shell      1920   hdi_action
10188.473411000    gnome-shell      1920   hdi_action
10188.474384000    gnome-shell      1920   hdi_action
10188.475414000    <idle>           0      hdi_action
10188.476384000    kworker/0:3      109332 hdi_action
10188.477385000    <idle>           0      hdi_action
10188.478409000    <idle>           0      hdi_action
10188.479409000    <idle>           0      hdi_action
10188.480402000    <idle>           0      hdi_action
10188.481406000    <idle>           0      hdi_action
10188.482405000    <idle>           0      hdi_action
10188.483405000    <idle>           0      hdi_action
10188.484468000    <idle>           0      hdi_action
10188.485436000    <idle>           0      hdi_action
10188.486425000    <idle>           0      hdi_action
10188.487409000    <idle>           0      hdi_action
10188.488401000    VizCompositorTh  24378  hdi_action
10188.489415000    <idle>           0      hdi_action
10188.490415000    VizCompositorTh  24378  hdi_action
10188.491446000    <idle>           0      hdi_action
10188.492394000    VizCompositorTh  24378  hdi_action
10188.493385000    VizCompositorTh  24378  hdi_action
10188.494405000    <idle>           0      hdi_action
10188.495409000    <idle>           0      hdi_action
10188.496408000    <idle>           0      hdi_action
10188.497402000    <idle>           0      hdi_action
10188.498402000    <idle>           0      hdi_action
10188.499409000    <idle>           0      hdi_action
10188.500411000    <idle>           0      hdi_action
10188.501406000    <idle>           0      hdi_action
10188.502408000    <idle>           0      hdi_action
10188.503410000    <idle>           0      hdi_action
10188.504378000    gnome-shell      1920   hdi_action
10188.505406000    gnome-shell      1920   hdi_action
10188.506411000    gnome-shell      1920   hdi_action
10188.507414000    gnome-shell      1920   hdi_action
10188.508417000    gnome-shell      1920   hdi_action
10188.509399000    <idle>           0      hdi_action
10188.510384000    <idle>           0      hdi_action
10188.511398000    <idle>           0      hdi_action
10188.512407000    <idle>           0      hdi_action
10188.513410000    <idle>           0      hdi_action
10188.514408000    <idle>           0      hdi_action
10188.515397000    <idle>           0      hdi_action
10188.516410000    <idle>           0      hdi_action
10188.517412000    <idle>           0      hdi_action
10188.518432000    <idle>           0      hdi_action
10188.519412000    <idle>           0      hdi_action
10188.520413000    <idle>           0      hdi_action
10188.521417000    <idle>           0      hdi_action
10188.522424000    spotify          24387  hdi_action
10188.523419000    spotify          24387  hdi_action
10188.524396000    spotify          24387  hdi_action
10188.525421000    <idle>           0      hdi_action
10188.526389000    ThreadPoolServi  24389  hdi_action
10188.527395000    <idle>           0      hdi_action
10188.528383000    <idle>           0      hdi_action
10188.529403000    <idle>           0      hdi_action
10188.530402000    <idle>           0      hdi_action
10188.531412000    <idle>           0      hdi_action
10188.532393000    <idle>           0      hdi_action
10188.533471000    <idle>           0      hdi_action
10188.534433000    <idle>           0      hdi_action
10188.535410000    <idle>           0      hdi_action
10188.536380000    <idle>           0      hdi_action
10188.537407000    <idle>           0      hdi_action
10188.538411000    threaded-ml      24672  hdi_action
10188.539411000    spotify          24387  hdi_action
10188.540416000    spotify          24387  hdi_action
10188.541415000    spotify          24387  hdi_action
10188.542396000    spotify          24387  hdi_action
10188.543383000    <idle>           0      hdi_action
10188.544393000    VizCompositorTh  24378  hdi_action
10188.545413000    <idle>           0      hdi_action
10188.546405000    <idle>           0      hdi_action
10188.547400000    <idle>           0      hdi_action
10188.548405000    <idle>           0      hdi_action
10188.549406000    <idle>           0      hdi_action
10188.550412000    <idle>           0      hdi_action
10188.551410000    <idle>           0      hdi_action
10188.552408000    <idle>           0      hdi_action
10188.553412000    <idle>           0      hdi_action
10188.554396000    <idle>           0      hdi_action
10188.555414000    spotify          24387  hdi_action
10188.556414000    <idle>           0      hdi_action
10188.557409000    <idle>           0      hdi_action
10188.558429000    Chrome_ChildIOT  24377  hdi_action
10188.559403000    <idle>           0      hdi_action
10188.560383000    spotify          24306  hdi_action
10188.561411000    <idle>           0      hdi_action
10188.562409000    <idle>           0      hdi_action
10188.563402000    <idle>           0      hdi_action
10188.564402000    <idle>           0      hdi_action
10188.565408000    <idle>           0      hdi_action
10188.566412000    <idle>           0      hdi_action
10188.567411000    <idle>           0      hdi_action
10188.568432000    <idle>           0      hdi_action
10188.569413000    <idle>           0      hdi_action
10188.570410000    <idle>           0      hdi_action
10188.571410000    spotify          24306  hdi_action
10188.572407000    spotify          24306  hdi_action
10188.573417000    spotify          24306  hdi_action
10188.574392000    spotify          24306  hdi_action
10188.575414000    <idle>           0      hdi_action
10188.576396000    <idle>           0      hdi_action
10188.577393000    <idle>           0      hdi_action
10188.578411000    <idle>           0      hdi_action
10188.579410000    <idle>           0      hdi_action
10188.580410000    <idle>           0      hdi_action
10188.581403000    <idle>           0      hdi_action
10188.582406000    <idle>           0      hdi_action
10188.583406000    <idle>           0      hdi_action
10188.584407000    <idle>           0      hdi_action
10188.585470000    <idle>           0      hdi_action
10188.586411000    <idle>           0      hdi_action
10188.587412000    <idle>           0      hdi_action
10188.588413000    <idle>           0      hdi_action
10188.589420000    <idle>           0      hdi_action
10188.590412000    <idle>           0      hdi_action
10188.591414000    <idle>           0      hdi_action
10188.592393000    <idle>           0      hdi_action
10188.593396000    spotify          24306  hdi_action
10188.594406000    <idle>           0      hdi_action
10188.595409000    <idle>           0      hdi_action
10188.596409000    <idle>           0      hdi_action
10188.597409000    <idle>           0      hdi_action
10188.598402000    <idle>           0      hdi_action
10188.599413000    <idle>           0      hdi_action
10188.600413000    <idle>           0      hdi_action
10188.601424000    <idle>           0      hdi_action
10188.602391000    <idle>           0      hdi_action
10188.603411000    <idle>           0      hdi_action
10188.604398000    <idle>           0      hdi_action
10188.605417000    spotify          24306  hdi_action
10188.606407000    spotify          24306  hdi_action
10188.607427000    spotify          24306  hdi_action
10188.608440000    <idle>           0      hdi_action
10188.610385000    <idle>           0      hdi_action
10188.611403000    <idle>           0      hdi_action
10188.612409000    <idle>           0      hdi_action
10188.613408000    <idle>           0      hdi_action
10188.614408000    <idle>           0      hdi_action
10188.615412000    <idle>           0      hdi_action
10188.616394000    <idle>           0      hdi_action
10188.617397000    <idle>           0      hdi_action
10188.619429000    <idle>           0      hdi_action
10188.621415000    Xwayland         3133   hdi_action
10188.623415000    Compositor       24395  hdi_action
10188.624395000    Compositor       24395  hdi_action
10188.626408000    <idle>           0      hdi_action
10188.628417000    <idle>           0      hdi_action
10188.629408000    <idle>           0      hdi_action
10188.631387000    <idle>           0      hdi_action
10188.632413000    <idle>           0      hdi_action
10188.633411000    <idle>           0      hdi_action
10188.635416000    <idle>           0      hdi_action
10188.638421000    gnome-shell      1920   hdi_action
10188.640422000    <idle>           0      hdi_action
10188.642404000    VizCompositorTh  24378  hdi_action
10188.643384000    VizCompositorTh  24378  hdi_action
10188.645415000    <idle>           0      hdi_action
10188.647409000    <idle>           0      hdi_action
10188.649467000    <idle>           0      hdi_action
10188.651430000    <idle>           0      hdi_action
10188.653418000    <idle>           0      hdi_action
10188.655431000    <idle>           0      hdi_action
10188.657421000    Compositor       24395  hdi_action
10188.659414000    <idle>           0      hdi_action
10188.660385000    <idle>           0      hdi_action
10188.661410000    <idle>           0      hdi_action
10188.663390000    <idle>           0      hdi_action
10188.665382000    <idle>           0      hdi_action
10188.668469000    <idle>           0      hdi_action
10188.669433000    <idle>           0      hdi_action
10188.670377000    <...>            24278  hdi_action
10188.672416000    Chrome_ChildIOT  24391  hdi_action
10188.674390000    <idle>           0      hdi_action
10188.676393000    VizCompositorTh  24378  hdi_action
10188.677406000    <idle>           0      hdi_action
10188.679413000    <idle>           0      hdi_action
10188.682424000    <idle>           0      hdi_action
10188.684432000    <idle>           0      hdi_action
10188.685411000    <idle>           0      hdi_action
10188.688422000    gnome-shell      1920   hdi_action
10188.691420000    <idle>           0      hdi_action
10188.695400000    <idle>           0      hdi_action
10188.699384000    <idle>           0      hdi_action
10188.701417000    <idle>           0      hdi_action
10188.704403000    <idle>           0      hdi_action
10188.710384000    <idle>           0      hdi_action
10188.711410000    <idle>           0      hdi_action
10188.714412000    <idle>           0      hdi_action
10188.718386000    Media Mixer Ren  104797 hdi_action
10188.719382000    <idle>           0      hdi_action
10188.720398000    <idle>           0      hdi_action
10188.722407000    spotify          24387  hdi_action
10188.724399000    <idle>           0      hdi_action
10188.725416000    <idle>           0      hdi_action
10188.726386000    spotify          24306  hdi_action
10188.728400000    <idle>           0      hdi_action
10188.729405000    <idle>           0      hdi_action
10188.730404000    <idle>           0      hdi_action
10188.731406000    <idle>           0      hdi_action
10188.732412000    <idle>           0      hdi_action
10188.733384000    <idle>           0      hdi_action
10188.734412000    <idle>           0      hdi_action
10188.735409000    <idle>           0      hdi_action
10188.736407000    <idle>           0      hdi_action
10188.737392000    <idle>           0      hdi_action
10188.738412000    spotify          24306  hdi_action
10188.739409000    spotify          24306  hdi_action
10188.740414000    spotify          24306  hdi_action
10188.741385000    spotify          24306  hdi_action
10188.742421000    Xwayland         3133   hdi_action
10188.743404000    VizCompositorTh  24378  hdi_action
10188.744385000    VizCompositorTh  24378  hdi_action
10188.745406000    <idle>           0      hdi_action
10188.746410000    <idle>           0      hdi_action
10188.747403000    <idle>           0      hdi_action
10188.748403000    <idle>           0      hdi_action
10188.749408000    <idle>           0      hdi_action
10188.750411000    <idle>           0      hdi_action
10188.751409000    <idle>           0      hdi_action
10188.752433000    <idle>           0      hdi_action
10188.753410000    <idle>           0      hdi_action
10188.754404000    Xwayland         3133   hdi_action
10188.755415000    ThreadPoolSingl  24503  hdi_action
10188.756412000    <idle>           0      hdi_action
10188.757385000    kworker/0:3      109332 hdi_action
10188.758421000    ThreadPoolSingl  24503  hdi_action
10188.759405000    <idle>           0      hdi_action
10188.760411000    <idle>           0      hdi_action
10188.761410000    <idle>           0      hdi_action
10188.762408000    <idle>           0      hdi_action
10188.763383000    pulseaudio       23807  hdi_action
10188.764413000    <idle>           0      hdi_action
10188.765408000    <idle>           0      hdi_action
10188.766412000    <idle>           0      hdi_action
10188.767412000    <idle>           0      hdi_action
10188.768471000    <idle>           0      hdi_action
10188.769431000    <idle>           0      hdi_action
10188.770408000    <idle>           0      hdi_action
10188.771404000    gnome-shell      1920   hdi_action
10188.772394000    Chrome_ChildIOT  24391  hdi_action
10188.773414000    KMS thread       1952   hdi_action
10188.774391000    Compositor       24395  hdi_action
10188.775405000    <idle>           0      hdi_action
10188.776387000    <idle>           0      hdi_action
10188.777412000    <idle>           0      hdi_action
10188.778410000    <idle>           0      hdi_action
10188.779410000    <idle>           0      hdi_action
10188.780409000    <idle>           0      hdi_action
10188.781412000    <idle>           0      hdi_action
10188.782381000    spotify          24255  hdi_action
10188.783382000    <idle>           0      hdi_action
10188.784412000    <idle>           0      hdi_action
10188.785411000    <idle>           0      hdi_action
10188.786436000    <idle>           0      hdi_action
10188.787404000    <idle>           0      hdi_action
10188.788411000    Xwayland         3133   hdi_action
10188.789402000    <idle>           0      hdi_action
10188.790412000    <idle>           0      hdi_action
10188.791423000    VizCompositorTh  24378  hdi_action
10188.792393000    VizCompositorTh  24378  hdi_action
10188.793384000    <idle>           0      hdi_action
10188.794410000    <idle>           0      hdi_action
10188.795414000    <idle>           0      hdi_action
10188.796403000    <idle>           0      hdi_action
10188.797407000    <idle>           0      hdi_action
10188.798408000    <idle>           0      hdi_action
10188.799408000    <idle>           0      hdi_action
10188.800435000    <idle>           0      hdi_action
10188.801413000    <idle>           0      hdi_action
10188.802435000    <idle>           0      hdi_action
10188.803397000    <idle>           0      hdi_action
10188.804419000    spotify          24387  hdi_action
10188.805413000    Compositor       24395  hdi_action
10188.806407000    ThreadPoolSingl  24503  hdi_action
10188.807417000    <idle>           0      hdi_action
10188.808423000    Xwayland         3133   hdi_action
10188.809409000    <idle>           0      hdi_action
10188.810384000    <idle>           0      hdi_action
10188.811406000    <idle>           0      hdi_action
10188.812414000    <idle>           0      hdi_action
10188.813408000    <idle>           0      hdi_action
10188.814402000    <idle>           0      hdi_action
10188.815400000    <idle>           0      hdi_action
10188.816407000    <idle>           0      hdi_action
10188.817411000    <idle>           0      hdi_action
10188.818411000    <idle>           0      hdi_action
10188.819410000    <idle>           0      hdi_action
10188.820410000    <idle>           0      hdi_action
10188.821414000    VizCompositorTh  24378  hdi_action
10188.822418000    gnome-shell      1920   hdi_action
10188.823415000    gnome-shell      1920   hdi_action
10188.824392000    gnome-shell      1920   hdi_action
10188.825415000    gnome-shell      1920   hdi_action
10188.826407000    <idle>           0      hdi_action
10188.827393000    <idle>           0      hdi_action
10188.828401000    <idle>           0      hdi_action
10188.829408000    <idle>           0      hdi_action
10188.830410000    <idle>           0      hdi_action
10188.831410000    <idle>           0      hdi_action
10188.832413000    <idle>           0      hdi_action
10188.833413000    <idle>           0      hdi_action
10188.834410000    <idle>           0      hdi_action
10188.835407000    <idle>           0      hdi_action
10188.836399000    <idle>           0      hdi_action
10188.837380000    <idle>           0      hdi_action
10188.838418000    <idle>           0      hdi_action
10188.839409000    <idle>           0      hdi_action
10188.840421000    <idle>           0      hdi_action
10188.841400000    <idle>           0      hdi_action
10188.842399000    ThreadPoolSingl  24503  hdi_action
10188.843383000    spotify          24306  hdi_action
10188.844390000    spotify          24306  hdi_action
10188.845410000    <idle>           0      hdi_action
10188.846411000    <idle>           0      hdi_action
10188.847383000    <idle>           0      hdi_action
10188.849411000    <idle>           0      hdi_action
10188.850432000    <idle>           0      hdi_action
10188.851407000    <idle>           0      hdi_action
10188.852433000    <idle>           0      hdi_action
10188.854407000    spotify          24306  hdi_action
10188.858430000    <idle>           0      hdi_action
10188.875420000    <idle>           0      hdi_action
10188.878396000    <idle>           0      hdi_action
10188.879408000    <idle>           0      hdi_action
10188.881466000    <idle>           0      hdi_action
10188.882412000    <idle>           0      hdi_action
10188.883471000    <idle>           0      hdi_action
10188.884468000    <idle>           0      hdi_action
10188.885431000    <idle>           0      hdi_action
10188.886412000    <idle>           0      hdi_action
10188.887380000    Xwayland         3133   hdi_action
10188.888418000    Compositor       24395  hdi_action
10188.889402000    Compositor       24395  hdi_action
10188.890415000    Compositor       24395  hdi_action
10188.891409000    <idle>           0      hdi_action
10188.892404000    <idle>           0      hdi_action
10188.893416000    <idle>           0      hdi_action
10188.894382000    <idle>           0      hdi_action
10188.895409000    <idle>           0      hdi_action
10188.896408000    <idle>           0      hdi_action
10188.897381000    ThreadPoolSingl  24503  hdi_action
10188.898404000    <idle>           0      hdi_action
10188.899412000    <idle>           0      hdi_action
10188.900412000    <idle>           0      hdi_action
10188.901406000    <idle>           0      hdi_action
10188.902411000    <idle>           0      hdi_action
10188.903412000    <idle>           0      hdi_action
10188.904407000    <idle>           0      hdi_action
10188.905412000    gnome-shell      1920   hdi_action
10188.906403000    gnome-shell      1920   hdi_action
10188.907387000    threaded-ml      24672  hdi_action
10188.908399000    spotify          24306  hdi_action
10188.909391000    VizCompositorTh  24378  hdi_action
10188.910405000    <idle>           0      hdi_action
10188.911382000    <idle>           0      hdi_action
10188.912409000    <idle>           0      hdi_action
10188.913387000    <idle>           0      hdi_action
10188.914427000    <idle>           0      hdi_action
10188.915417000    <idle>           0      hdi_action
10188.916435000    <idle>           0      hdi_action
10188.917412000    <idle>           0      hdi_action
10188.918432000    <idle>           0      hdi_action
10188.919398000    <idle>           0      hdi_action
10188.920407000    <idle>           0      hdi_action
10188.921414000    gnome-shell      1920   hdi_action
10188.922402000    gnome-shell      1920   hdi_action
10188.923410000    kworker/u17:0    82183  hdi_action
10188.924391000    gnome-shell      1920   hdi_action
10188.925394000    <idle>           0      hdi_action
10188.926389000    <idle>           0      hdi_action
10188.927404000    <idle>           0      hdi_action
10188.928387000    <idle>           0      hdi_action
10188.929400000    <idle>           0      hdi_action
10188.930401000    <idle>           0      hdi_action
10188.931405000    <idle>           0      hdi_action
10188.932412000    <idle>           0      hdi_action
10188.933410000    <idle>           0      hdi_action
10188.934408000    <idle>           0      hdi_action
10188.935411000    <idle>           0      hdi_action
10188.936407000    <idle>           0      hdi_action
10188.937392000    <idle>           0      hdi_action
10188.938428000    gnome-shell      1920   hdi_action
10188.939416000    <idle>           0      hdi_action
10188.940406000    gnome-shell      1920   hdi_action
10188.941464000    <idle>           0      hdi_action
10188.942417000    <idle>           0      hdi_action
10188.943382000    <idle>           0      hdi_action
10188.944405000    <idle>           0      hdi_action
10188.945409000    <idle>           0      hdi_action
10188.946408000    <idle>           0      hdi_action
10188.947407000    <idle>           0      hdi_action
10188.948412000    <idle>           0      hdi_action
10188.949409000    <idle>           0      hdi_action
10188.950411000    <idle>           0      hdi_action
10188.951431000    <idle>           0      hdi_action
10188.952397000    <idle>           0      hdi_action
10188.953409000    <idle>           0      hdi_action
10188.954409000    <idle>           0      hdi_action
10188.955417000    Compositor       24395  hdi_action
10188.956413000    gnome-shell      1920   hdi_action
10188.957382000    gnome-shell      1920   hdi_action
10188.958427000    <idle>           0      hdi_action
10188.959397000    VizCompositorTh  24378  hdi_action
10188.960404000    <idle>           0      hdi_action
10188.961404000    <idle>           0      hdi_action
10188.962408000    <idle>           0      hdi_action
10188.963386000    <idle>           0      hdi_action
10188.964401000    <idle>           0      hdi_action
10188.965413000    <idle>           0      hdi_action
10188.966436000    <idle>           0      hdi_action
10188.967407000    <idle>           0      hdi_action
10188.968470000    <idle>           0      hdi_action
10188.969435000    <idle>           0      hdi_action
10188.970407000    <idle>           0      hdi_action
10188.971402000    VizCompositorTh  24378  hdi_action
10188.972420000    Compositor       24395  hdi_action
10188.973412000    Compositor       24395  hdi_action
10188.974418000    Compositor       24395  hdi_action
10188.975413000    <idle>           0      hdi_action
10188.976403000    <idle>           0      hdi_action
10188.977418000    <idle>           0      hdi_action
10188.978408000    <idle>           0      hdi_action
10188.979395000    <idle>           0      hdi_action
10188.980412000    <idle>           0      hdi_action
10188.981411000    <idle>           0      hdi_action
10188.982431000    <idle>           0      hdi_action
10188.983412000    <idle>           0      hdi_action
10188.984411000    <idle>           0      hdi_action
10188.985410000    <idle>           0      hdi_action
10188.986411000    <idle>           0      hdi_action
10188.987395000    <idle>           0      hdi_action
10188.988408000    spotify          24306  hdi_action
10188.989406000    spotify          24306  hdi_action
10188.990405000    spotify          24306  hdi_action
10188.991432000    <idle>           0      hdi_action
10188.992396000    spotify          24306  hdi_action
10188.993384000    <idle>           0      hdi_action
10188.994399000    <idle>           0      hdi_action
10188.995407000    <idle>           0      hdi_action
10188.996409000    <idle>           0      hdi_action
10188.997401000    <idle>           0      hdi_action
10188.998407000    <idle>           0      hdi_action
10188.999408000    <idle>           0      hdi_action
10189.000412000    <idle>           0      hdi_action
10189.001472000    <idle>           0      hdi_action
10189.002435000    <idle>           0      hdi_action
10189.003411000    <idle>           0      hdi_action
10189.004413000    <idle>           0      hdi_action
10189.005424000    Core Thread      24328  hdi_action
10189.006411000    <idle>           0      hdi_action
10189.007390000    Xwayland         3133   hdi_action
10189.008415000    <idle>           0      hdi_action
10189.009399000    Compositor       24395  hdi_action
10189.010411000    <idle>           0      hdi_action
10189.011409000    <idle>           0      hdi_action
10189.012401000    <idle>           0      hdi_action
10189.013390000    <idle>           0      hdi_action
10189.014412000    <idle>           0      hdi_action
10189.015410000    <idle>           0      hdi_action
10189.016411000    <idle>           0      hdi_action
10189.017468000    <idle>           0      hdi_action
10189.018468000    <idle>           0      hdi_action
10189.019436000    <idle>           0      hdi_action
10189.020411000    <idle>           0      hdi_action
10189.021415000    gnome-shell      1920   hdi_action
10189.023430000    <idle>           0      hdi_action
10189.024431000    gnome-shell      1920   hdi_action
10189.027406000    <idle>           0      hdi_action
10189.050420000    <idle>           0      hdi_action
10189.051471000    <idle>           0      hdi_action
10189.054431000    <idle>           0      hdi_action
10189.055420000    Compositor       24395  hdi_action
10189.056414000    Compositor       24395  hdi_action
10189.058396000    <idle>           0      hdi_action
10189.059394000    spotify          24306  hdi_action
10189.060385000    <idle>           0      hdi_action
10189.061398000    <idle>           0      hdi_action
10189.062409000    <idle>           0      hdi_action
10189.063382000    Media Mixer Ren  104797 hdi_action
10189.064410000    <idle>           0      hdi_action
10189.065413000    <idle>           0      hdi_action
10189.066412000    <idle>           0      hdi_action
10189.067473000    <idle>           0      hdi_action
10189.068469000    <idle>           0      hdi_action
10189.069437000    <idle>           0      hdi_action
10189.070409000    <idle>           0      hdi_action
10189.071412000    spotify          24306  hdi_action
10189.072412000    spotify          24306  hdi_action
10189.073402000    spotify          24306  hdi_action
10189.074432000    <idle>           0      hdi_action
10189.075395000    VizCompositorTh  24378  hdi_action
10189.076387000    VizCompositorTh  24378  hdi_action
10189.077400000    <idle>           0      hdi_action
10189.078410000    <idle>           0      hdi_action
10189.079396000    <idle>           0      hdi_action
10189.080405000    <idle>           0      hdi_action
10189.081401000    <idle>           0      hdi_action
10189.082410000    <idle>           0      hdi_action
10189.083413000    <idle>           0      hdi_action
10189.084469000    <idle>           0      hdi_action
10189.085471000    <idle>           0      hdi_action
10189.086434000    <idle>           0      hdi_action
10189.087384000    Xwayland         3133   hdi_action
10189.088434000    <idle>           0      hdi_action
10189.089405000    Compositor       24395  hdi_action
10189.090420000    Compositor       24395  hdi_action
10189.091413000    Compositor       24395  hdi_action
10189.092401000    Timer            14178  hdi_action
10189.093403000    <idle>           0      hdi_action
10189.094412000    <idle>           0      hdi_action
10189.095407000    <idle>           0      hdi_action
10189.096402000    <idle>           0      hdi_action
10189.097412000    <idle>           0      hdi_action
10189.098411000    <idle>           0      hdi_action
10189.099411000    <idle>           0      hdi_action
10189.100425000    <idle>           0      hdi_action
10189.101432000    <idle>           0      hdi_action
10189.102414000    <idle>           0      hdi_action
10189.103381000    <idle>           0      hdi_action
10189.104425000    <idle>           0      hdi_action
10189.105406000    Compositor       24395  hdi_action
10189.106401000    Compositor       24395  hdi_action
10189.107384000    Compositor       24395  hdi_action
10189.108417000    <idle>           0      hdi_action
10189.109399000    <idle>           0      hdi_action
10189.110390000    <idle>           0      hdi_action
10189.111398000    <idle>           0      hdi_action
10189.112410000    <idle>           0      hdi_action
10189.113409000    <idle>           0      hdi_action
10189.114409000    <idle>           0      hdi_action
10189.115408000    <idle>           0      hdi_action
10189.116411000    <idle>           0      hdi_action
10189.117465000    <idle>           0      hdi_action
10189.118435000    <idle>           0      hdi_action
10189.119410000    <idle>           0      hdi_action
10189.120409000    <idle>           0      hdi_action
10189.121406000    <idle>           0      hdi_action
10189.122416000    spotify          24387  hdi_action
10189.123408000    KMS thread       1952   hdi_action
10189.124411000    <idle>           0      hdi_action
10189.125392000    VizCompositorTh  24378  hdi_action
10189.126390000    VizCompositorTh  24378  hdi_action
10189.127385000    <idle>           0      hdi_action
10189.128410000    <idle>           0      hdi_action
10189.129407000    <idle>           0      hdi_action
10189.130401000    <idle>           0      hdi_action
10189.131381000    Media Mixer Ren  104797 hdi_action
10189.132382000    threaded-ml      24672  hdi_action
10189.133397000    <idle>           0      hdi_action
10189.134422000    <idle>           0      hdi_action
10189.135411000    <idle>           0      hdi_action
10189.136411000    <idle>           0      hdi_action
10189.137408000    Xwayland         3133   hdi_action
10189.138421000    Compositor       24395  hdi_action
10189.139401000    Compositor       24395  hdi_action
10189.140382000    Compositor       24395  hdi_action
10189.141424000    <idle>           0      hdi_action
10189.142395000    spotify          24306  hdi_action
10189.143384000    <idle>           0      hdi_action
10189.144383000    <idle>           0      hdi_action
10189.145409000    <idle>           0      hdi_action
10189.146405000    <idle>           0      hdi_action
10189.147401000    <idle>           0      hdi_action
10189.148408000    <idle>           0      hdi_action
10189.149385000    <idle>           0      hdi_action
10189.150383000    <idle>           0      hdi_action
10189.151387000    <idle>           0      hdi_action
10189.152399000    <idle>           0      hdi_action
10189.153384000    lsblk            112082 hdi_action
10189.154396000    lsblk            112082 hdi_action
10189.155410000    lsblk            112082 hdi_action
10189.156392000    gnome-shell      1920   hdi_action
10189.157416000    Chrome_ChildIOT  24377  hdi_action
10189.158411000    <idle>           0      hdi_action
10189.159406000    <idle>           0      hdi_action
10189.160398000    <idle>           0      hdi_action
10189.161402000    <idle>           0      hdi_action
10189.162386000    <idle>           0      hdi_action
10189.163390000    <idle>           0      hdi_action
10189.164393000    <idle>           0      hdi_action
10189.165411000    <idle>           0      hdi_action
10189.166409000    <idle>           0      hdi_action
10189.167413000    <idle>           0      hdi_action
10189.168397000    <idle>           0      hdi_action
10189.169401000    <idle>           0      hdi_action
10189.170409000    <idle>           0      hdi_action
10189.171416000    <idle>           0      hdi_action
10189.172414000    VizCompositorTh  24378  hdi_action
10189.173407000    KMS thread       1952   hdi_action
10189.174418000    Xwayland         3133   hdi_action
10189.175401000    VizCompositorTh  24378  hdi_action
10189.177386000    <idle>           0      hdi_action
10189.178410000    <idle>           0      hdi_action
10189.179409000    <idle>           0      hdi_action
10189.181412000    <idle>           0      hdi_action
10189.182407000    <idle>           0      hdi_action
10189.184411000    <idle>           0      hdi_action
10189.185412000    <idle>           0      hdi_action
10189.188418000    spotify          24306  hdi_action
10189.189409000    spotify          24306  hdi_action
10189.192408000    spotify          24306  hdi_action
10189.195412000    <idle>           0      hdi_action
10189.198420000    <idle>           0      hdi_action
10189.206413000    <idle>           0      hdi_action
10189.370388000    Xwayland         3133   hdi_action
10189.444403000    <idle>           0      hdi_action
10189.603405000    <idle>           0      hdi_action
10189.613413000    <idle>           0      hdi_action
10190.148427000    <idle>           0      hdi_action
10190.229410000    <idle>           0      hdi_action
10190.343413000    <idle>           0      hdi_action
10190.449392000    <idle>           0      hdi_action
10191.038414000    <idle>           0      hdi_action
10191.111410000    <idle>           0      hdi_action
10191.153430000    <idle>           0      hdi_action
10191.166410000    <idle>           0      hdi_action
10191.212388000    <idle>           0      hdi_action
10191.239418000    spotify          24306  hdi_action
10191.284471000    <idle>           0      hdi_action
10191.320402000    <idle>           0      hdi_action
10191.338416000    spotify          24306  hdi_action
10191.461410000    <idle>           0      hdi_action
10191.494414000    <idle>           0      hdi_action
10191.542413000    <idle>           0      hdi_action
10191.656412000    <idle>           0      hdi_action
10191.752455000    <idle>           0      hdi_action
10191.770394000    <idle>           0      hdi_action
10191.810389000    spotify          24306  hdi_action
10191.867399000    <idle>           0      hdi_action
10191.899386000    <idle>           0      hdi_action
10191.926402000    <idle>           0      hdi_action
10191.981432000    <idle>           0      hdi_action
10192.011404000    <idle>           0      hdi_action
10192.101395000    gnome-shell      1920   hdi_action
10192.138404000    pulseaudio       23807  hdi_action
10192.207384000    <idle>           0      hdi_action
10192.310410000    <idle>           0      hdi_action
10192.401391000    <idle>           0      hdi_action
10192.440400000    <idle>           0      hdi_action
10192.546468000    <idle>           0      hdi_action
10192.637411000    <idle>           0      hdi_action
10192.730429000    <idle>           0      hdi_action
10194.453414000    <idle>           0      hdi_action
10194.580410000    <idle>           0      hdi_action
