  645  less /sys/kernel/tracing/available_tracers 
  646  less /sys/kernel/tracing/available_tracers 
  647  bpftrace -l kprobe:hci*
  648  bpftrace -l kprobe:hci_event*
  649  bpftrace -e 'kprobe:hci_event_packet { printf("%s\n", comm) }'
  650  bpftrace -l kprobe:hci_event_packet
  651  bpftrace -vl kprobe:hci_event_packet
  652* 
  653  bpftrace -e 'kprobe:mgmt_device_found { printf("%s\n", comm) }'
  654  bpftrace -l kprobe:mgmt_device_*
  655  bpftrace -e 'kprobe:mgmt_device_connected { printf("%s\n", comm) }'
  656  bpftrace -l *:sco_sock_recvmsg
  657  bpftrace -e 'kprobe:sco_sock_recvmsg { printf("%s\n", comm) }'
  658  bpftrace -l *:sco_sock_*
  659  bpftrace -e 'kprobe:sco_sock_getname { printf("%s\n", comm) }'
  660  bpftrace -e 'kprobe:sco_sock_listen { printf("%s\n", comm) }'
  661  bpftrace -e 'kprobe:sco_sock_getsockopt { printf("%s\n", comm) }'
  662  bpftrace -e 'kprobe:sco_sock_getname { printf("%s\n", comm) }'
  663  bpftrace -e 'kprobe:sco_sock_connect { printf("%s\n", comm) }'
  664  bpftrace -l *:sco_sock_*
  665  bpftrace -l kprobe:sco_sock_*
  666  bpftrace -e 'kprobe:sco_sock_bind { printf("%s\n", comm) }'
  667  bpftrace -e 'kprobe:sco_sock_accept { printf("%s\n", comm) }'
  668  bpftrace -l kprobe:btusb_
  669  bpftrace -l kprobe:btusb_*
  670  bpftrace -l kprobe:btusb_re*
  671  bpftrace -l kprobe:btusb_send*
  672  bpftrace -e 'kprobe:btusb_recv_intr { printf("%s\n", comm) }'
  673  bpftrace -e 'kprobe:btusb_recv_intr { printf("%s\n", comm) }'
  674  bpftrace -l kprobe:l2cap_sock
  675  bpftrace -l kprobe:l2cap_sock*
  676  bpftrace -l kprobe:l2cap_le*
  677  bpftrace -l kprobe:hci*
  678  bpftrace -l kprobe:hcic*
  679  bpftrace -l kprobe:hci_c*
  680  bpftrace -l kprobe:hci_le*
  681  history 
  682  history |tail -n 20
  683  history 
  684  history |tail -n 40 > bpftracearena/related-blte.log
